number,value,datetime_start,datetime_complete,duration,params_alpha,params_beta,params_dropout,params_hidden,params_lr,params_wd,user_attrs_val_kendall,user_attrs_val_mae,system_attrs_tpe:relative_params:0,state
52,0.8785519817357302,2026-09-15 04:48:43.550591,2026-09-15 04:49:12.387822,0 days 00:00:28.837231,0.9200637957075367,0.4267002899055956,0.4393948571341843,1024-512,0.00015944962472681115,2.4278770100837422e-06,0.7473145336653182,1.1210647821426392,"{""alpha"": 0.9200637957075367, ""beta"": 0.4267002899055956, ""dropout"": 0.4393948571341843, ""hidden"": ""1024-512"", ""lr"": 0.00015944962472681115, ""wd"": 2.4278770100837422e-06}",COMPLETE
53,0.8752942336463563,2026-09-15 04:49:12.387855,2026-09-15 04:49:38.550867,0 days 00:00:26.163012,0.7715302800935757,0.6980436271281878,0.366405711520096,1024-512,0.0001312918481518904,0.0009307901917078182,0.744738559970233,1.2910206317901611,"{""alpha"": 0.7715302800935757, ""beta"": 0.6980436271281878, ""dropout"": 0.366405711520096, ""hidden"": ""1024-512"", ""lr"": 0.0001312918481518904, ""wd"": 0.0009307901917078182}",COMPLETE
54,0.858819259661323,2026-09-15 04:49:38.550935,2026-09-15 04:49:52.588201,0 days 00:00:14.037266,0.8954295276396192,0.5401528918167969,0.4386819082846496,1024-512,0.00023379716699404687,3.4469229688240524e-06,0.7325375410887074,1.190099835395813,"{""alpha"": 0.8954295276396192, ""beta"": 0.5401528918167969, ""dropout"": 0.4386819082846496, ""hidden"": ""1024-512"", ""lr"": 0.00023379716699404687, ""wd"": 3.4469229688240524e-06}",COMPLETE
55,0.8678651434139115,2026-09-15 04:49:52.588261,2026-09-15 04:50:21.554133,0 days 00:00:28.965872,0.8272712241272993,0.2560362229245893,0.39591535754207474,1024-512,0.00018016081441903344,0.0009689363223484257,0.7409833783934052,1.1954858303070068,"{""alpha"": 0.8272712241272993, ""beta"": 0.2560362229245893, ""dropout"": 0.39591535754207474, ""hidden"": ""1024-512"", ""lr"": 0.00018016081441903344, ""wd"": 0.0009689363223484257}",COMPLETE
56,0.8813854737079806,2026-09-15 04:50:21.554196,2026-09-15 04:50:46.623795,0 days 00:00:25.069599,0.7941376506462544,0.3774475303542461,0.41060835247749344,1024-512,0.00011963926960230723,0.0007076064917998584,0.7432701574186524,1.2056078910827637,"{""alpha"": 0.7941376506462544, ""beta"": 0.3774475303542461, ""dropout"": 0.41060835247749344, ""hidden"": ""1024-512"", ""lr"": 0.00011963926960230723, ""wd"": 0.0007076064917998584}",COMPLETE
57,0.8756668018478048,2026-09-15 04:50:46.623856,2026-09-15 04:51:30.753110,0 days 00:00:44.129254,0.7964666558958358,0.46630173024503896,0.4400134901239659,1024-512,0.00011806989877518768,0.00025118623531955993,0.7445021185625893,1.176203727722168,"{""alpha"": 0.7964666558958358, ""beta"": 0.46630173024503896, ""dropout"": 0.4400134901239659, ""hidden"": ""1024-512"", ""lr"": 0.00011806989877518768, ""wd"": 0.00025118623531955993}",COMPLETE
58,0.8728277530009518,2026-09-15 04:51:30.753177,2026-09-15 04:52:17.076946,0 days 00:00:46.323769,0.8161190797919367,0.5824128144907567,0.4234303678754443,1024-512,0.00013176726666864458,0.0006063712194577211,0.7440201251510362,1.1725584268569946,"{""alpha"": 0.8161190797919367, ""beta"": 0.5824128144907567, ""dropout"": 0.4234303678754443, ""hidden"": ""1024-512"", ""lr"": 0.00013176726666864458, ""wd"": 0.0006063712194577211}",COMPLETE
59,0.8718672533670031,2026-09-15 04:52:17.077002,2026-09-15 04:52:37.266436,0 days 00:00:20.189434,0.9934102738608066,0.3221179279589328,0.40441729551738564,1024-512,0.00017953969375600806,1.721361728265037e-06,0.7344245041420306,1.1605113744735718,"{""alpha"": 0.9934102738608066, ""beta"": 0.3221179279589328, ""dropout"": 0.40441729551738564, ""hidden"": ""1024-512"", ""lr"": 0.00017953969375600806, ""wd"": 1.721361728265037e-06}",COMPLETE
